<?xml version="1.0" encoding="UTF-8"?>
<testng-results ignored="0" total="4" passed="4" failed="0" skipped="0">
  <reporter-output>
  </reporter-output>
  <suite started-at="2023-02-11T14:16:15 IST" name="Default suite" finished-at="2023-02-11T14:16:30 IST" duration-ms="15755">
    <groups>
    </groups>
    <test started-at="2023-02-11T14:16:15 IST" name="Default test" finished-at="2023-02-11T14:16:30 IST" duration-ms="15755">
      <class name="executeClass.LoginPageExecuteClassAssignment8">
        <test-method is-config="true" signature="beforeMethod()[pri:0, instance:executeClass.LoginPageExecuteClassAssignment8@5d534f5d]" started-at="2023-02-11T14:16:15 IST" name="beforeMethod" finished-at="2023-02-11T14:16:20 IST" duration-ms="4999" status="PASS">
          <reporter-output>
          </reporter-output>
        </test-method> <!-- beforeMethod -->
        <test-method signature="verifyRememberMeCheckBoxSelectedByDefault()[pri:0, instance:executeClass.LoginPageExecuteClassAssignment8@5d534f5d]" started-at="2023-02-11T14:16:20 IST" name="verifyRememberMeCheckBoxSelectedByDefault" finished-at="2023-02-11T14:16:20 IST" duration-ms="112" status="PASS">
          <reporter-output>
          </reporter-output>
        </test-method> <!-- verifyRememberMeCheckBoxSelectedByDefault -->
        <test-method is-config="true" signature="afterMethod()[pri:0, instance:executeClass.LoginPageExecuteClassAssignment8@5d534f5d]" started-at="2023-02-11T14:16:20 IST" name="afterMethod" finished-at="2023-02-11T14:16:20 IST" duration-ms="469" status="PASS">
          <reporter-output>
          </reporter-output>
        </test-method> <!-- afterMethod -->
        <test-method is-config="true" signature="beforeMethod()[pri:0, instance:executeClass.LoginPageExecuteClassAssignment8@5d534f5d]" started-at="2023-02-11T14:16:20 IST" name="beforeMethod" finished-at="2023-02-11T14:16:22 IST" duration-ms="1945" status="PASS">
          <reporter-output>
          </reporter-output>
        </test-method> <!-- beforeMethod -->
        <test-method signature="verifyUnsuccessFullLogin(java.lang.String,java.lang.String)[pri:0, instance:executeClass.LoginPageExecuteClassAssignment8@5d534f5d]" started-at="2023-02-11T14:16:22 IST" name="verifyUnsuccessFullLogin" data-provider="UnSuccessfullLogin" finished-at="2023-02-11T14:16:23 IST" duration-ms="1161" status="PASS">
          <params>
            <param index="0">
              <value>
                <![CDATA[admin21]]>
              </value>
            </param>
            <param index="1">
              <value>
                <![CDATA[admin]]>
              </value>
            </param>
          </params>
          <reporter-output>
          </reporter-output>
        </test-method> <!-- verifyUnsuccessFullLogin -->
        <test-method is-config="true" signature="afterMethod()[pri:0, instance:executeClass.LoginPageExecuteClassAssignment8@5d534f5d]" started-at="2023-02-11T14:16:23 IST" name="afterMethod" finished-at="2023-02-11T14:16:24 IST" duration-ms="383" status="PASS">
          <reporter-output>
          </reporter-output>
        </test-method> <!-- afterMethod -->
        <test-method is-config="true" signature="beforeMethod()[pri:0, instance:executeClass.LoginPageExecuteClassAssignment8@5d534f5d]" started-at="2023-02-11T14:16:24 IST" name="beforeMethod" finished-at="2023-02-11T14:16:26 IST" duration-ms="2164" status="PASS">
          <reporter-output>
          </reporter-output>
        </test-method> <!-- beforeMethod -->
        <test-method signature="verifyUnsuccessFullLogin(java.lang.String,java.lang.String)[pri:0, instance:executeClass.LoginPageExecuteClassAssignment8@5d534f5d]" started-at="2023-02-11T14:16:26 IST" name="verifyUnsuccessFullLogin" data-provider="UnSuccessfullLogin" finished-at="2023-02-11T14:16:27 IST" duration-ms="816" status="PASS">
          <params>
            <param index="0">
              <value>
                <![CDATA[admin21]]>
              </value>
            </param>
            <param index="1">
              <value>
                <![CDATA[admin12]]>
              </value>
            </param>
          </params>
          <reporter-output>
          </reporter-output>
        </test-method> <!-- verifyUnsuccessFullLogin -->
        <test-method is-config="true" signature="afterMethod()[pri:0, instance:executeClass.LoginPageExecuteClassAssignment8@5d534f5d]" started-at="2023-02-11T14:16:27 IST" name="afterMethod" finished-at="2023-02-11T14:16:27 IST" duration-ms="357" status="PASS">
          <reporter-output>
          </reporter-output>
        </test-method> <!-- afterMethod -->
        <test-method is-config="true" signature="beforeMethod()[pri:0, instance:executeClass.LoginPageExecuteClassAssignment8@5d534f5d]" started-at="2023-02-11T14:16:27 IST" name="beforeMethod" finished-at="2023-02-11T14:16:29 IST" duration-ms="2109" status="PASS">
          <reporter-output>
          </reporter-output>
        </test-method> <!-- beforeMethod -->
        <test-method signature="verifyUnsuccessFullLogin(java.lang.String,java.lang.String)[pri:0, instance:executeClass.LoginPageExecuteClassAssignment8@5d534f5d]" started-at="2023-02-11T14:16:29 IST" name="verifyUnsuccessFullLogin" data-provider="UnSuccessfullLogin" finished-at="2023-02-11T14:16:30 IST" duration-ms="836" status="PASS">
          <params>
            <param index="0">
              <value>
                <![CDATA[admin]]>
              </value>
            </param>
            <param index="1">
              <value>
                <![CDATA[admin12]]>
              </value>
            </param>
          </params>
          <reporter-output>
          </reporter-output>
        </test-method> <!-- verifyUnsuccessFullLogin -->
        <test-method is-config="true" signature="afterMethod()[pri:0, instance:executeClass.LoginPageExecuteClassAssignment8@5d534f5d]" started-at="2023-02-11T14:16:30 IST" name="afterMethod" finished-at="2023-02-11T14:16:30 IST" duration-ms="333" status="PASS">
          <reporter-output>
          </reporter-output>
        </test-method> <!-- afterMethod -->
      </class> <!-- executeClass.LoginPageExecuteClassAssignment8 -->
    </test> <!-- Default test -->
  </suite> <!-- Default suite -->
</testng-results>
