<?xml version="1.0" encoding="UTF-8"?>
<testng-results ignored="0" total="2" passed="2" failed="0" skipped="0">
  <reporter-output>
  </reporter-output>
  <suite started-at="2023-02-01T01:43:03 IST" name="Default suite" finished-at="2023-02-01T01:44:13 IST" duration-ms="69238">
    <groups>
    </groups>
    <test started-at="2023-02-01T01:43:03 IST" name="Default test" finished-at="2023-02-01T01:44:13 IST" duration-ms="69238">
      <class name="testNGassignments.Assignment6Table">
        <test-method is-config="true" signature="beforeMethod()[pri:0, instance:testNGassignments.Assignment6Table@2e3967ea]" started-at="2023-02-01T01:43:03 IST" name="beforeMethod" finished-at="2023-02-01T01:43:09 IST" duration-ms="5211" status="PASS">
          <reporter-output>
          </reporter-output>
        </test-method> <!-- beforeMethod -->
        <test-method signature="verifyAddedProductIsAvailableOrNotInTheTable()[pri:1, instance:testNGassignments.Assignment6Table@2e3967ea]" started-at="2023-02-01T01:43:09 IST" name="verifyAddedProductIsAvailableOrNotInTheTable" finished-at="2023-02-01T01:43:40 IST" duration-ms="31367" status="PASS">
          <reporter-output>
          </reporter-output>
        </test-method> <!-- verifyAddedProductIsAvailableOrNotInTheTable -->
        <test-method is-config="true" signature="afterMethod()[pri:0, instance:testNGassignments.Assignment6Table@2e3967ea]" started-at="2023-02-01T01:43:40 IST" name="afterMethod" finished-at="2023-02-01T01:43:40 IST" duration-ms="191" status="PASS">
          <reporter-output>
          </reporter-output>
        </test-method> <!-- afterMethod -->
        <test-method is-config="true" signature="beforeMethod()[pri:0, instance:testNGassignments.Assignment6Table@2e3967ea]" started-at="2023-02-01T01:43:40 IST" name="beforeMethod" finished-at="2023-02-01T01:43:44 IST" duration-ms="4040" status="PASS">
          <reporter-output>
          </reporter-output>
        </test-method> <!-- beforeMethod -->
        <test-method signature="verifyTheEditFuntionalityOfTheAddedProduct()[pri:2, instance:testNGassignments.Assignment6Table@2e3967ea]" started-at="2023-02-01T01:43:44 IST" name="verifyTheEditFuntionalityOfTheAddedProduct" finished-at="2023-02-01T01:44:12 IST" duration-ms="28206" status="PASS">
          <reporter-output>
          </reporter-output>
        </test-method> <!-- verifyTheEditFuntionalityOfTheAddedProduct -->
        <test-method is-config="true" signature="afterMethod()[pri:0, instance:testNGassignments.Assignment6Table@2e3967ea]" started-at="2023-02-01T01:44:12 IST" name="afterMethod" finished-at="2023-02-01T01:44:13 IST" duration-ms="188" status="PASS">
          <reporter-output>
          </reporter-output>
        </test-method> <!-- afterMethod -->
      </class> <!-- testNGassignments.Assignment6Table -->
    </test> <!-- Default test -->
  </suite> <!-- Default suite -->
</testng-results>
