<?xml version="1.0" encoding="UTF-8"?>
<!-- Generated by org.testng.reporters.JUnitXMLReporter -->
<testsuite ignored="0" hostname="MIDHUNA" failures="0" tests="6" name="Default test" time="24.146" errors="0" timestamp="2023-01-18T01:02:34 IST">
  <testcase classname="testNGassignments.Assignment1" name="verifyApplicationCorrectlyOpensWhileGitingUrl" time="0.016"/>
  <testcase classname="testNGassignments.Assignment1" name="verifyLogoDisplayedOrNot" time="0.054"/>
  <testcase classname="testNGassignments.Assignment1" name="verifySuccessfulSignOn" time="2.075"/>
  <testcase classname="testNGassignments.Assignment1" name="signInUsingInvalidUsernameAndPasswordinHomepage" time="1.062"/>
  <testcase classname="testNGassignments.Assignment1" name="registerLinkClickableOrNot" time="0.731"/>
  <testcase classname="testNGassignments.Assignment1" name="oneWayRadioButtonSelectedbyDefaultOrnot" time="0.763"/>
</testsuite> <!-- Default test -->
