<?xml version="1.0" encoding="UTF-8"?>
<!-- Generated by org.testng.reporters.JUnitXMLReporter -->
<testsuite ignored="0" hostname="MIDHUNA" failures="0" tests="2" name="Default test" time="69.238" errors="0" timestamp="2023-02-01T01:44:13 IST">
  <testcase classname="testNGassignments.Assignment6Table" name="verifyAddedProductIsAvailableOrNotInTheTable" time="31.367"/>
  <testcase classname="testNGassignments.Assignment6Table" name="verifyTheEditFuntionalityOfTheAddedProduct" time="28.206"/>
</testsuite> <!-- Default test -->
